<?xml version="1.0" encoding="UTF-8"?>
<testsuite name="SimpleCipherStepOneTest" tests="4" skipped="3" failures="0" errors="0" timestamp="2021-04-10T04:55:11" hostname="64DEVIN" time="0.03">
  <properties/>
  <testcase name="keyIsLowercaseLetters" classname="SimpleCipherStepOneTest" time="0.0">
    <skipped/>
  </testcase>
  <testcase name="cipherCanDecode" classname="SimpleCipherStepOneTest" time="0.0">
    <skipped/>
  </testcase>
  <testcase name="cipherCanEncode" classname="SimpleCipherStepOneTest" time="0.026"/>
  <testcase name="cipherIsReversible" classname="SimpleCipherStepOneTest" time="0.0">
    <skipped/>
  </testcase>
  <system-out><![CDATA[]]></system-out>
  <system-err><![CDATA[]]></system-err>
</testsuite>
