<?xml version="1.0" encoding="UTF-8"?>
<testsuite name="RestApiTest$UserManagementTest" tests="3" skipped="2" failures="0" errors="0" timestamp="2021-04-06T07:04:49" hostname="64DEVIN" time="0.004">
  <properties/>
  <testcase name="addUser" classname="RestApiTest$UserManagementTest" time="0.0">
    <skipped/>
  </testcase>
  <testcase name="getSingleUser" classname="RestApiTest$UserManagementTest" time="0.0">
    <skipped/>
  </testcase>
  <testcase name="noUsers" classname="RestApiTest$UserManagementTest" time="0.002"/>
  <system-out><![CDATA[]]></system-out>
  <system-err><![CDATA[]]></system-err>
</testsuite>
