<?xml version="1.0" encoding="UTF-8"?>
<testsuite name="RestApiTest$IouTest" tests="6" skipped="5" failures="0" errors="0" timestamp="2021-04-06T07:04:49" hostname="64DEVIN" time="0.038">
  <properties/>
  <testcase name="lenderOwesBorrowerLessThanNewLoan" classname="RestApiTest$IouTest" time="0.0">
    <skipped/>
  </testcase>
  <testcase name="lenderOwesBorrowerSameAsNewLoan" classname="RestApiTest$IouTest" time="0.0">
    <skipped/>
  </testcase>
  <testcase name="bothUsersHave0Balance" classname="RestApiTest$IouTest" time="0.033"/>
  <testcase name="lenderHasNegativeBalance" classname="RestApiTest$IouTest" time="0.0">
    <skipped/>
  </testcase>
  <testcase name="lenderOwesBorrower" classname="RestApiTest$IouTest" time="0.0">
    <skipped/>
  </testcase>
  <testcase name="borrowerHasNegativeBalance" classname="RestApiTest$IouTest" time="0.0">
    <skipped/>
  </testcase>
  <system-out><![CDATA[]]></system-out>
  <system-err><![CDATA[]]></system-err>
</testsuite>
