<?xml version="1.0" encoding="UTF-8"?>
<testsuite name="SeriesTest" tests="10" skipped="9" failures="0" errors="0" timestamp="2021-04-07T18:31:55" hostname="64DEVIN" time="0.013">
  <properties/>
  <testcase name="slicesOfTwo" classname="SeriesTest" time="0.001">
    <skipped/>
  </testcase>
  <testcase name="sliceLengthNegative" classname="SeriesTest" time="0.0">
    <skipped/>
  </testcase>
  <testcase name="slicesOfTwoOverlap" classname="SeriesTest" time="0.001">
    <skipped/>
  </testcase>
  <testcase name="slicesOfLongSeries" classname="SeriesTest" time="0.001">
    <skipped/>
  </testcase>
  <testcase name="slicesOfOneFromOne" classname="SeriesTest" time="0.008"/>
  <testcase name="slicesOfOneFromTwo" classname="SeriesTest" time="0.0">
    <skipped/>
  </testcase>
  <testcase name="sliceLengthZero" classname="SeriesTest" time="0.0">
    <skipped/>
  </testcase>
  <testcase name="sliceLengthIsToolarge" classname="SeriesTest" time="0.0">
    <skipped/>
  </testcase>
  <testcase name="slicesIncludeDuplicates" classname="SeriesTest" time="0.0">
    <skipped/>
  </testcase>
  <testcase name="emptySeries" classname="SeriesTest" time="0.0">
    <skipped/>
  </testcase>
  <system-out><![CDATA[]]></system-out>
  <system-err><![CDATA[]]></system-err>
</testsuite>
