<?xml version="1.0" encoding="UTF-8"?>
<testsuite name="ProverbTest" tests="6" skipped="5" failures="0" errors="0" timestamp="2021-04-04T05:42:28" hostname="64DEVIN" time="0.544">
  <properties/>
  <testcase name="shortChainOfConsequences" classname="ProverbTest" time="0.0">
    <skipped/>
  </testcase>
  <testcase name="fullProverb" classname="ProverbTest" time="0.0">
    <skipped/>
  </testcase>
  <testcase name="zeroWordsAreGiven" classname="ProverbTest" time="0.541"/>
  <testcase name="singlePieceOfProverb" classname="ProverbTest" time="0.0">
    <skipped/>
  </testcase>
  <testcase name="twoPiecesOfProverb" classname="ProverbTest" time="0.0">
    <skipped/>
  </testcase>
  <testcase name="fourPiecesModernizedProverb" classname="ProverbTest" time="0.0">
    <skipped/>
  </testcase>
  <system-out><![CDATA[text
]]></system-out>
  <system-err><![CDATA[]]></system-err>
</testsuite>
