<?xml version="1.0" encoding="UTF-8"?>
<testsuite name="RailFenceCipherTest" tests="6" skipped="5" failures="0" errors="0" timestamp="2021-04-09T18:34:07" hostname="64DEVIN" time="0.007">
  <properties/>
  <testcase name="encodeWithTwoRails" classname="RailFenceCipherTest" time="0.003"/>
  <testcase name="encodeWithEndingInTheMiddle" classname="RailFenceCipherTest" time="0.0">
    <skipped/>
  </testcase>
  <testcase name="decodeWithSixRails" classname="RailFenceCipherTest" time="0.0">
    <skipped/>
  </testcase>
  <testcase name="decodeWithThreeRails" classname="RailFenceCipherTest" time="0.001">
    <skipped/>
  </testcase>
  <testcase name="encodeWithThreeRails" classname="RailFenceCipherTest" time="0.0">
    <skipped/>
  </testcase>
  <testcase name="decodeWithFiveRails" classname="RailFenceCipherTest" time="0.001">
    <skipped/>
  </testcase>
  <system-out><![CDATA[]]></system-out>
  <system-err><![CDATA[]]></system-err>
</testsuite>
