<?xml version="1.0" encoding="UTF-8"?>
<testsuite name="RobotTest" tests="3" skipped="2" failures="0" errors="0" timestamp="2021-04-06T07:34:01" hostname="64DEVIN" time="0.346">
  <properties/>
  <testcase name="differentRobotsHaveDifferentNames" classname="RobotTest" time="0.0">
    <skipped/>
  </testcase>
  <testcase name="hasName" classname="RobotTest" time="0.343"/>
  <testcase name="resetName" classname="RobotTest" time="0.0">
    <skipped/>
  </testcase>
  <system-out><![CDATA[]]></system-out>
  <system-err><![CDATA[]]></system-err>
</testsuite>
