<?xml version="1.0" encoding="UTF-8"?>
<testsuite name="TreeTest" tests="3" skipped="0" failures="0" errors="0" timestamp="2021-04-06T07:40:39" hostname="64DEVIN" time="0.007">
  <properties/>
  <testcase name="preorder" classname="TreeTest" time="0.005"/>
  <testcase name="inorder" classname="TreeTest" time="0.001"/>
  <testcase name="postorder" classname="TreeTest" time="0.001"/>
  <system-out><![CDATA[]]></system-out>
  <system-err><![CDATA[]]></system-err>
</testsuite>
