<?xml version="1.0" encoding="UTF-8"?>
<testsuite name="SatelliteTest" tests="6" skipped="5" failures="0" errors="0" timestamp="2021-04-06T07:40:38" hostname="64DEVIN" time="0.616">
  <properties/>
  <testcase name="rejectTraversalsWithRepeatedItems" classname="SatelliteTest" time="0.0">
    <skipped/>
  </testcase>
  <testcase name="rejectInconsistentTraversalsOfSameLength" classname="SatelliteTest" time="0.0">
    <skipped/>
  </testcase>
  <testcase name="emptyTree" classname="SatelliteTest" time="0.613"/>
  <testcase name="treeWithOneItem" classname="SatelliteTest" time="0.0">
    <skipped/>
  </testcase>
  <testcase name="rejectTraversalsOfDifferentLengths" classname="SatelliteTest" time="0.0">
    <skipped/>
  </testcase>
  <testcase name="treeWithManyItems" classname="SatelliteTest" time="0.001">
    <skipped/>
  </testcase>
  <system-out><![CDATA[]]></system-out>
  <system-err><![CDATA[]]></system-err>
</testsuite>
