<?xml version="1.0" encoding="UTF-8"?>
<testsuite name="PrimeCalculatorTest" tests="5" skipped="4" failures="0" errors="0" timestamp="2021-04-05T09:51:38" hostname="64DEVIN" time="0.128">
  <properties/>
  <testcase name="testUndefinedPrime" classname="PrimeCalculatorTest" time="0.0">
    <skipped/>
  </testcase>
  <testcase name="testSixthPrime" classname="PrimeCalculatorTest" time="0.001">
    <skipped/>
  </testcase>
  <testcase name="testFirstPrime" classname="PrimeCalculatorTest" time="0.126"/>
  <testcase name="testSecondPrime" classname="PrimeCalculatorTest" time="0.0">
    <skipped/>
  </testcase>
  <testcase name="testBigPrime" classname="PrimeCalculatorTest" time="0.001">
    <skipped/>
  </testcase>
  <system-out><![CDATA[]]></system-out>
  <system-err><![CDATA[]]></system-err>
</testsuite>
