<?xml version="1.0" encoding="UTF-8"?>
<testsuite name="PascalsTriangleGeneratorTest" tests="8" skipped="7" failures="0" errors="0" timestamp="2021-04-07T18:06:18" hostname="64DEVIN" time="0.017">
  <properties/>
  <testcase name="testTriangleWithFourRows" classname="PascalsTriangleGeneratorTest" time="0.001">
    <skipped/>
  </testcase>
  <testcase name="testTriangleWithZeroRows" classname="PascalsTriangleGeneratorTest" time="0.008"/>
  <testcase name="testTriangleWithSixRows" classname="PascalsTriangleGeneratorTest" time="0.0">
    <skipped/>
  </testcase>
  <testcase name="testTriangleWithOneRow" classname="PascalsTriangleGeneratorTest" time="0.001">
    <skipped/>
  </testcase>
  <testcase name="testTriangleWithThreeRows" classname="PascalsTriangleGeneratorTest" time="0.0">
    <skipped/>
  </testcase>
  <testcase name="testTriangleWithTenRows" classname="PascalsTriangleGeneratorTest" time="0.0">
    <skipped/>
  </testcase>
  <testcase name="testTriangleWithFiveRows" classname="PascalsTriangleGeneratorTest" time="0.0">
    <skipped/>
  </testcase>
  <testcase name="testTriangleWithTwoRows" classname="PascalsTriangleGeneratorTest" time="0.001">
    <skipped/>
  </testcase>
  <system-out><![CDATA[]]></system-out>
  <system-err><![CDATA[]]></system-err>
</testsuite>
