<?xml version="1.0" encoding="UTF-8"?>
<testsuite name="PrimeFactorsCalculatorTest" tests="7" skipped="6" failures="0" errors="0" timestamp="2021-04-06T03:15:27" hostname="64DEVIN" time="0.011">
  <properties/>
  <testcase name="testProductOfPrimes" classname="PrimeFactorsCalculatorTest" time="0.0">
    <skipped/>
  </testcase>
  <testcase name="testCubeOfAPrime" classname="PrimeFactorsCalculatorTest" time="0.001">
    <skipped/>
  </testcase>
  <testcase name="testNoFactors" classname="PrimeFactorsCalculatorTest" time="0.006"/>
  <testcase name="testProductOfPrimesAndNonPrimes" classname="PrimeFactorsCalculatorTest" time="0.0">
    <skipped/>
  </testcase>
  <testcase name="testPrimeNumber" classname="PrimeFactorsCalculatorTest" time="0.0">
    <skipped/>
  </testcase>
  <testcase name="testSquareOfAPrime" classname="PrimeFactorsCalculatorTest" time="0.0">
    <skipped/>
  </testcase>
  <testcase name="testFactorsIncludingALargePrime" classname="PrimeFactorsCalculatorTest" time="0.001">
    <skipped/>
  </testcase>
  <system-out><![CDATA[]]></system-out>
  <system-err><![CDATA[]]></system-err>
</testsuite>
