<?xml version="1.0" encoding="UTF-8"?>
<testsuite name="RunLengthEncodingTest" tests="13" skipped="12" failures="0" errors="0" timestamp="2021-04-05T19:09:09" hostname="64DEVIN" time="0.039">
  <properties/>
  <testcase name="decodeWithOnlySingleValues" classname="RunLengthEncodingTest" time="0.0">
    <skipped/>
  </testcase>
  <testcase name="decodeWithMixedValues" classname="RunLengthEncodingTest" time="0.0">
    <skipped/>
  </testcase>
  <testcase name="decodeWithLowercaseValues" classname="RunLengthEncodingTest" time="0.001">
    <skipped/>
  </testcase>
  <testcase name="encodeThenDecode" classname="RunLengthEncodingTest" time="0.001">
    <skipped/>
  </testcase>
  <testcase name="encodeWithNoSingleValues" classname="RunLengthEncodingTest" time="0.001">
    <skipped/>
  </testcase>
  <testcase name="encodeWithMixedValues" classname="RunLengthEncodingTest" time="0.001">
    <skipped/>
  </testcase>
  <testcase name="encodeWithLowercaseValues" classname="RunLengthEncodingTest" time="0.0">
    <skipped/>
  </testcase>
  <testcase name="encodeWithWhitespaceValues" classname="RunLengthEncodingTest" time="0.0">
    <skipped/>
  </testcase>
  <testcase name="decodeWithNoSingleValues" classname="RunLengthEncodingTest" time="0.001">
    <skipped/>
  </testcase>
  <testcase name="decodeEmpty" classname="RunLengthEncodingTest" time="0.001">
    <skipped/>
  </testcase>
  <testcase name="encodeWithOnlySingleValues" classname="RunLengthEncodingTest" time="0.0">
    <skipped/>
  </testcase>
  <testcase name="decodeWithWhitespaceValues" classname="RunLengthEncodingTest" time="0.001">
    <skipped/>
  </testcase>
  <testcase name="encodeEmpty" classname="RunLengthEncodingTest" time="0.01"/>
  <system-out><![CDATA[]]></system-out>
  <system-err><![CDATA[]]></system-err>
</testsuite>
