<?xml version="1.0" encoding="UTF-8"?>
<testsuite name="KindergartenGardenTest" tests="9" skipped="8" failures="0" errors="0" timestamp="2021-04-05T09:37:08" hostname="64DEVIN" time="0.013">
  <properties/>
  <testcase name="singleStudent2" classname="KindergartenGardenTest" time="0.001">
    <skipped/>
  </testcase>
  <testcase name="fullGardenFirstStudent" classname="KindergartenGardenTest" time="0.0">
    <skipped/>
  </testcase>
  <testcase name="twoStudents" classname="KindergartenGardenTest" time="0.0">
    <skipped/>
  </testcase>
  <testcase name="fullGardenSecondToLastStudent" classname="KindergartenGardenTest" time="0.0">
    <skipped/>
  </testcase>
  <testcase name="singleStudent" classname="KindergartenGardenTest" time="0.009"/>
  <testcase name="oneGardenThirdStudent" classname="KindergartenGardenTest" time="0.0">
    <skipped/>
  </testcase>
  <testcase name="fullGardenSecondStudent" classname="KindergartenGardenTest" time="0.0">
    <skipped/>
  </testcase>
  <testcase name="oneGardenSecondStudent" classname="KindergartenGardenTest" time="0.0">
    <skipped/>
  </testcase>
  <testcase name="fullGardenLastStudent" classname="KindergartenGardenTest" time="0.0">
    <skipped/>
  </testcase>
  <system-out><![CDATA[]]></system-out>
  <system-err><![CDATA[]]></system-err>
</testsuite>
