<?xml version="1.0" encoding="UTF-8"?>
<testsuite name="PhoneNumberTest" tests="18" skipped="17" failures="0" errors="0" timestamp="2021-04-05T18:48:16" hostname="64DEVIN" time="0.013">
  <properties/>
  <testcase name="invalidWhen9Digits" classname="PhoneNumberTest" time="0.0">
    <skipped/>
  </testcase>
  <testcase name="invalidIfAreaCodeStartsWith0OnValid11DigitNumber" classname="PhoneNumberTest" time="0.0">
    <skipped/>
  </testcase>
  <testcase name="invalidIfAreaCodeStartsWith1OnValid11DigitNumber" classname="PhoneNumberTest" time="0.0">
    <skipped/>
  </testcase>
  <testcase name="invalidWhenMoreThan11Digits" classname="PhoneNumberTest" time="0.0">
    <skipped/>
  </testcase>
  <testcase name="invalidIfExchangeCodeStartsWith0OnValid11DigitNumber" classname="PhoneNumberTest" time="0.0">
    <skipped/>
  </testcase>
  <testcase name="invalidIfExchangeCodeStartsWith1OnValid11DigitNumber" classname="PhoneNumberTest" time="0.0">
    <skipped/>
  </testcase>
  <testcase name="invalidWhen11DigitsDoesNotStartWith1" classname="PhoneNumberTest" time="0.0">
    <skipped/>
  </testcase>
  <testcase name="invalidWithLetters" classname="PhoneNumberTest" time="0.0">
    <skipped/>
  </testcase>
  <testcase name="cleansNumbersWithMultipleSpaces" classname="PhoneNumberTest" time="0.001">
    <skipped/>
  </testcase>
  <testcase name="cleansTheNumber" classname="PhoneNumberTest" time="0.006"/>
  <testcase name="validWhen11DigitsAndStartingWith1" classname="PhoneNumberTest" time="0.0">
    <skipped/>
  </testcase>
  <testcase name="invalidWithPunctuations" classname="PhoneNumberTest" time="0.0">
    <skipped/>
  </testcase>
  <testcase name="cleansNumbersWithDots" classname="PhoneNumberTest" time="0.001">
    <skipped/>
  </testcase>
  <testcase name="validWhen11DigitsAndStartingWith1EvenWithPunctuation" classname="PhoneNumberTest" time="0.0">
    <skipped/>
  </testcase>
  <testcase name="invalidIfAreaCodeStartsWith0" classname="PhoneNumberTest" time="0.0">
    <skipped/>
  </testcase>
  <testcase name="invalidIfAreaCodeStartsWith1" classname="PhoneNumberTest" time="0.0">
    <skipped/>
  </testcase>
  <testcase name="invalidIfExchangeCodeStartsWith0" classname="PhoneNumberTest" time="0.0">
    <skipped/>
  </testcase>
  <testcase name="invalidIfExchangeCodeStartsWith1" classname="PhoneNumberTest" time="0.0">
    <skipped/>
  </testcase>
  <system-out><![CDATA[]]></system-out>
  <system-err><![CDATA[]]></system-err>
</testsuite>
