<?xml version="1.0" encoding="UTF-8"?>
<testsuite name="ChangeCalculatorTest" tests="11" skipped="10" failures="0" errors="0" timestamp="2021-04-08T06:48:53" hostname="64DEVIN" time="0.015">
  <properties/>
  <testcase name="testPossibleChangeWithoutUnitCoinAvailable" classname="ChangeCalculatorTest" time="0.0">
    <skipped/>
  </testcase>
  <testcase name="testNegativeChangeIsRejected" classname="ChangeCalculatorTest" time="0.0">
    <skipped/>
  </testcase>
  <testcase name="testLilliputianCurrency" classname="ChangeCalculatorTest" time="0.0">
    <skipped/>
  </testcase>
  <testcase name="testAnotherPossibleChangeWithoutUnitCoinAvailable" classname="ChangeCalculatorTest" time="0.0">
    <skipped/>
  </testcase>
  <testcase name="testLargeAmountOfChange" classname="ChangeCalculatorTest" time="0.0">
    <skipped/>
  </testcase>
  <testcase name="testChangeThatCanBeGivenInASingleCoin" classname="ChangeCalculatorTest" time="0.012"/>
  <testcase name="testChangeThatMustBeGivenInMultipleCoins" classname="ChangeCalculatorTest" time="0.0">
    <skipped/>
  </testcase>
  <testcase name="testLowerElbonianCurrency" classname="ChangeCalculatorTest" time="0.0">
    <skipped/>
  </testcase>
  <testcase name="testChangeLargerThanAllCoinsInCurrencyThatCannotBeRepresented" classname="ChangeCalculatorTest" time="0.0">
    <skipped/>
  </testcase>
  <testcase name="testZeroChange" classname="ChangeCalculatorTest" time="0.0">
    <skipped/>
  </testcase>
  <testcase name="testChangeLessThanSmallestCoinInCurrencyCannotBeRepresented" classname="ChangeCalculatorTest" time="0.0">
    <skipped/>
  </testcase>
  <system-out><![CDATA[]]></system-out>
  <system-err><![CDATA[]]></system-err>
</testsuite>
