<?xml version="1.0" encoding="UTF-8"?>
<testsuite name="QueenAttackCalculatorTest" tests="14" skipped="13" failures="0" errors="0" timestamp="2021-04-09T07:43:14" hostname="64DEVIN" time="0.038">
  <properties/>
  <testcase name="testNullPositionsNotAllowed" classname="QueenAttackCalculatorTest" time="0.001">
    <skipped/>
  </testcase>
  <testcase name="testCreateQueenMustHaveColumnOnBoard" classname="QueenAttackCalculatorTest" time="0.0">
    <skipped/>
  </testcase>
  <testcase name="testCreateQueenMustHavePositiveRow" classname="QueenAttackCalculatorTest" time="0.0">
    <skipped/>
  </testcase>
  <testcase name="testCreateQueenMustHavePositiveColumn" classname="QueenAttackCalculatorTest" time="0.0">
    <skipped/>
  </testcase>
  <testcase name="testCreateQueenWithAValidPosition" classname="QueenAttackCalculatorTest" time="0.005"/>
  <testcase name="testQueensCanAttackOnTheSameColumn" classname="QueenAttackCalculatorTest" time="0.0">
    <skipped/>
  </testcase>
  <testcase name="testCreateQueenMustHaveRowOnBoard" classname="QueenAttackCalculatorTest" time="0.0">
    <skipped/>
  </testcase>
  <testcase name="testQueensCanAttackOnThirdDiagonal" classname="QueenAttackCalculatorTest" time="0.0">
    <skipped/>
  </testcase>
  <testcase name="testQueensCanAttackOnSecondDiagonal" classname="QueenAttackCalculatorTest" time="0.0">
    <skipped/>
  </testcase>
  <testcase name="testQueensCanAttackOnTheSameRow" classname="QueenAttackCalculatorTest" time="0.001">
    <skipped/>
  </testcase>
  <testcase name="testQueensCanAttackOnFourthDiagonal" classname="QueenAttackCalculatorTest" time="0.0">
    <skipped/>
  </testcase>
  <testcase name="testQueensMustNotOccupyTheSameSquare" classname="QueenAttackCalculatorTest" time="0.001">
    <skipped/>
  </testcase>
  <testcase name="testQueensCanAttackOnFirstDiagonal" classname="QueenAttackCalculatorTest" time="0.001">
    <skipped/>
  </testcase>
  <testcase name="testQueensCannotAttack" classname="QueenAttackCalculatorTest" time="0.0">
    <skipped/>
  </testcase>
  <system-out><![CDATA[]]></system-out>
  <system-err><![CDATA[]]></system-err>
</testsuite>
