<?xml version="1.0" encoding="UTF-8"?>
<testsuite name="DiamondPrinterTest" tests="5" skipped="4" failures="0" errors="0" timestamp="2021-04-05T10:13:48" hostname="64DEVIN" time="0.075">
  <properties/>
  <testcase name="testFourByFourDiamond" classname="DiamondPrinterTest" time="0.0">
    <skipped/>
  </testcase>
  <testcase name="testFullDiamond" classname="DiamondPrinterTest" time="0.0">
    <skipped/>
  </testcase>
  <testcase name="testThreeByThreeDiamond" classname="DiamondPrinterTest" time="0.001">
    <skipped/>
  </testcase>
  <testcase name="testOneByOneDiamond" classname="DiamondPrinterTest" time="0.073"/>
  <testcase name="testTwoByTwoDiamond" classname="DiamondPrinterTest" time="0.0">
    <skipped/>
  </testcase>
  <system-out><![CDATA[]]></system-out>
  <system-err><![CDATA[]]></system-err>
</testsuite>
