<?xml version="1.0" encoding="UTF-8"?>
<testsuite name="VariableLengthQuantityTest" tests="26" skipped="25" failures="0" errors="0" timestamp="2021-04-05T18:12:07" hostname="64DEVIN" time="0.015">
  <properties/>
  <testcase name="testLargestDoubleByte" classname="VariableLengthQuantityTest" time="0.0">
    <skipped/>
  </testcase>
  <testcase name="testLargestTripleByte" classname="VariableLengthQuantityTest" time="0.0">
    <skipped/>
  </testcase>
  <testcase name="testLargestSingleByte" classname="VariableLengthQuantityTest" time="0.0">
    <skipped/>
  </testcase>
  <testcase name="testArbitraryDoubleByte" classname="VariableLengthQuantityTest" time="0.0">
    <skipped/>
  </testcase>
  <testcase name="testSmallestDoubleByte" classname="VariableLengthQuantityTest" time="0.0">
    <skipped/>
  </testcase>
  <testcase name="testArbitraryTripleByte" classname="VariableLengthQuantityTest" time="0.0">
    <skipped/>
  </testcase>
  <testcase name="testSmallestTripleByte" classname="VariableLengthQuantityTest" time="0.0">
    <skipped/>
  </testcase>
  <testcase name="testArbitrarySingleByte" classname="VariableLengthQuantityTest" time="0.0">
    <skipped/>
  </testcase>
  <testcase name="testMaximum32BitIntegerInput" classname="VariableLengthQuantityTest" time="0.0">
    <skipped/>
  </testcase>
  <testcase name="testDecodeMultipleBytes" classname="VariableLengthQuantityTest" time="0.0">
    <skipped/>
  </testcase>
  <testcase name="testTwoSingleByteValues" classname="VariableLengthQuantityTest" time="0.0">
    <skipped/>
  </testcase>
  <testcase name="testZero" classname="VariableLengthQuantityTest" time="0.007"/>
  <testcase name="testDecodeFourBytes" classname="VariableLengthQuantityTest" time="0.0">
    <skipped/>
  </testcase>
  <testcase name="testCannotDecodeIncompleteSequence" classname="VariableLengthQuantityTest" time="0.0">
    <skipped/>
  </testcase>
  <testcase name="testDecodeTwoBytes" classname="VariableLengthQuantityTest" time="0.0">
    <skipped/>
  </testcase>
  <testcase name="testManyMultiByteValues" classname="VariableLengthQuantityTest" time="0.001">
    <skipped/>
  </testcase>
  <testcase name="testTwoMultiByteValues" classname="VariableLengthQuantityTest" time="0.0">
    <skipped/>
  </testcase>
  <testcase name="testDecodeThreeBytes" classname="VariableLengthQuantityTest" time="0.0">
    <skipped/>
  </testcase>
  <testcase name="testArbitraryQuadrupleByte" classname="VariableLengthQuantityTest" time="0.0">
    <skipped/>
  </testcase>
  <testcase name="testSmallestQuadrupleByte" classname="VariableLengthQuantityTest" time="0.0">
    <skipped/>
  </testcase>
  <testcase name="testDecodeOneByte" classname="VariableLengthQuantityTest" time="0.0">
    <skipped/>
  </testcase>
  <testcase name="testCannotDecodeIncompleteSequenceEvenIfValueIsZero" classname="VariableLengthQuantityTest" time="0.0">
    <skipped/>
  </testcase>
  <testcase name="testLargestQuadrupleByte" classname="VariableLengthQuantityTest" time="0.0">
    <skipped/>
  </testcase>
  <testcase name="testDecodeMaximum32BitInteger" classname="VariableLengthQuantityTest" time="0.0">
    <skipped/>
  </testcase>
  <testcase name="testArbitraryQuintupleByte" classname="VariableLengthQuantityTest" time="0.0">
    <skipped/>
  </testcase>
  <testcase name="testSmallestQuintupleByte" classname="VariableLengthQuantityTest" time="0.0">
    <skipped/>
  </testcase>
  <system-out><![CDATA[]]></system-out>
  <system-err><![CDATA[]]></system-err>
</testsuite>
