<?xml version="1.0" encoding="UTF-8"?>
<testsuite name="HouseTest" tests="14" skipped="13" failures="0" errors="0" timestamp="2021-04-08T18:59:39" hostname="64DEVIN" time="0.032">
  <properties/>
  <testcase name="verseOne" classname="HouseTest" time="0.005"/>
  <testcase name="verseSix" classname="HouseTest" time="0.001">
    <skipped/>
  </testcase>
  <testcase name="verseTwo" classname="HouseTest" time="0.001">
    <skipped/>
  </testcase>
  <testcase name="verseFive" classname="HouseTest" time="0.0">
    <skipped/>
  </testcase>
  <testcase name="verseFour" classname="HouseTest" time="0.0">
    <skipped/>
  </testcase>
  <testcase name="verseNine" classname="HouseTest" time="0.001">
    <skipped/>
  </testcase>
  <testcase name="verseEight" classname="HouseTest" time="0.0">
    <skipped/>
  </testcase>
  <testcase name="verseSeven" classname="HouseTest" time="0.0">
    <skipped/>
  </testcase>
  <testcase name="verseThree" classname="HouseTest" time="0.0">
    <skipped/>
  </testcase>
  <testcase name="wholeRhyme" classname="HouseTest" time="0.001">
    <skipped/>
  </testcase>
  <testcase name="verse10" classname="HouseTest" time="0.002">
    <skipped/>
  </testcase>
  <testcase name="verse11" classname="HouseTest" time="0.001">
    <skipped/>
  </testcase>
  <testcase name="verse12" classname="HouseTest" time="0.0">
    <skipped/>
  </testcase>
  <testcase name="multipleVerses" classname="HouseTest" time="0.0">
    <skipped/>
  </testcase>
  <system-out><![CDATA[]]></system-out>
  <system-err><![CDATA[]]></system-err>
</testsuite>
