<?xml version="1.0" encoding="UTF-8"?>
<testsuite name="CircularBufferTest" tests="14" skipped="13" failures="0" errors="0" timestamp="2021-04-10T04:47:34" hostname="64DEVIN" time="0.099">
  <properties/>
  <testcase name="fullBufferCantBeWrittenTo" classname="CircularBufferTest" time="0.0">
    <skipped/>
  </testcase>
  <testcase name="overwriteActsLikeWriteOnNonFullBuffer" classname="CircularBufferTest" time="0.0">
    <skipped/>
  </testcase>
  <testcase name="clearDoesNothingOnEmptyBuffer" classname="CircularBufferTest" time="0.0">
    <skipped/>
  </testcase>
  <testcase name="maintainsReadPositionAcrossWrites" classname="CircularBufferTest" time="0.0">
    <skipped/>
  </testcase>
  <testcase name="overwriteRemovesOldestElementOnFullBuffer" classname="CircularBufferTest" time="0.0">
    <skipped/>
  </testcase>
  <testcase name="canReadItemOnlyOnce" classname="CircularBufferTest" time="0.0">
    <skipped/>
  </testcase>
  <testcase name="readFreesUpSpaceForWrite" classname="CircularBufferTest" time="0.0">
    <skipped/>
  </testcase>
  <testcase name="canReadItemJustWritten" classname="CircularBufferTest" time="0.0">
    <skipped/>
  </testcase>
  <testcase name="readsItemsInOrderWritten" classname="CircularBufferTest" time="0.0">
    <skipped/>
  </testcase>
  <testcase name="initialClearDoesNotAffectWrappingAround" classname="CircularBufferTest" time="0.0">
    <skipped/>
  </testcase>
  <testcase name="clearFreesUpCapacity" classname="CircularBufferTest" time="0.0">
    <skipped/>
  </testcase>
  <testcase name="overwriteDoesntRemoveAnAlreadyReadElement" classname="CircularBufferTest" time="0.001">
    <skipped/>
  </testcase>
  <testcase name="cantReadClearedItems" classname="CircularBufferTest" time="0.0">
    <skipped/>
  </testcase>
  <testcase name="readingFromEmptyBufferShouldThrowException" classname="CircularBufferTest" time="0.094"/>
  <system-out><![CDATA[]]></system-out>
  <system-err><![CDATA[]]></system-err>
</testsuite>
