<?xml version="1.0" encoding="UTF-8"?>
<testsuite name="TournamentTest" tests="11" skipped="10" failures="0" errors="0" timestamp="2021-04-09T18:26:35" hostname="64DEVIN" time="0.024">
  <properties/>
  <testcase name="typicalInput" classname="TournamentTest" time="0.001">
    <skipped/>
  </testcase>
  <testcase name="incompleteCompetition" classname="TournamentTest" time="0.001">
    <skipped/>
  </testcase>
  <testcase name="justTheHeaderIfNoInput" classname="TournamentTest" time="0.01"/>
  <testcase name="aWinCanAlsoBeExpressedAsALoss" classname="TournamentTest" time="0.0">
    <skipped/>
  </testcase>
  <testcase name="aDifferentTeamCanWin" classname="TournamentTest" time="0.0">
    <skipped/>
  </testcase>
  <testcase name="tiesBrokenAlphabetically" classname="TournamentTest" time="0.0">
    <skipped/>
  </testcase>
  <testcase name="aWinIsThreePointsALossIsZeroPoints" classname="TournamentTest" time="0.0">
    <skipped/>
  </testcase>
  <testcase name="thereCanBeMoreThanTwoTeams" classname="TournamentTest" time="0.0">
    <skipped/>
  </testcase>
  <testcase name="thereCanBeMoreThanOneMatch" classname="TournamentTest" time="0.0">
    <skipped/>
  </testcase>
  <testcase name="thereCanBeMoreThanOneWinner" classname="TournamentTest" time="0.0">
    <skipped/>
  </testcase>
  <testcase name="aDrawIsOnePointEach" classname="TournamentTest" time="0.0">
    <skipped/>
  </testcase>
  <system-out><![CDATA[]]></system-out>
  <system-err><![CDATA[]]></system-err>
</testsuite>
