<?xml version="1.0" encoding="UTF-8"?>
<testsuite name="SpiralMatrixBuilderTest" tests="6" skipped="5" failures="0" errors="0" timestamp="2021-04-08T07:06:23" hostname="64DEVIN" time="0.009">
  <properties/>
  <testcase name="testTrivialSpiral" classname="SpiralMatrixBuilderTest" time="0.0">
    <skipped/>
  </testcase>
  <testcase name="testSpiralOfSize2" classname="SpiralMatrixBuilderTest" time="0.0">
    <skipped/>
  </testcase>
  <testcase name="testSpiralOfSize3" classname="SpiralMatrixBuilderTest" time="0.0">
    <skipped/>
  </testcase>
  <testcase name="testSpiralOfSize4" classname="SpiralMatrixBuilderTest" time="0.0">
    <skipped/>
  </testcase>
  <testcase name="testSpiralOfSize5" classname="SpiralMatrixBuilderTest" time="0.0">
    <skipped/>
  </testcase>
  <testcase name="testEmptySpiral" classname="SpiralMatrixBuilderTest" time="0.007"/>
  <system-out><![CDATA[]]></system-out>
  <system-err><![CDATA[]]></system-err>
</testsuite>
