<?xml version="1.0" encoding="UTF-8"?>
<testsuite name="MatrixTest" tests="9" skipped="8" failures="0" errors="0" timestamp="2021-04-05T09:57:56" hostname="64DEVIN" time="0.05">
  <properties/>
  <testcase name="testCanIdentifyMultipleSaddlePointsInAColumn" classname="MatrixTest" time="0.0">
    <skipped/>
  </testcase>
  <testcase name="testCanIdentifyThatEmptyMatrixHasNoSaddlePoints" classname="MatrixTest" time="0.0">
    <skipped/>
  </testcase>
  <testcase name="testCanIdentifySaddlePointInBottomRightCorner" classname="MatrixTest" time="0.0">
    <skipped/>
  </testcase>
  <testcase name="testCanIdentifyMultipleSaddlePointsInARow" classname="MatrixTest" time="0.0">
    <skipped/>
  </testcase>
  <testcase name="testCanIdentifySaddlePointsInANonSquareMatrix" classname="MatrixTest" time="0.0">
    <skipped/>
  </testcase>
  <testcase name="testCanIdentifyThatSaddlePointsInASingleRowMatrixAreThoseWithMaximumValue" classname="MatrixTest" time="0.0">
    <skipped/>
  </testcase>
  <testcase name="testCanIdentifyLackOfSaddlePointsWhenThereAreNone" classname="MatrixTest" time="0.0">
    <skipped/>
  </testcase>
  <testcase name="testCanIdentifySingleSaddlePoint" classname="MatrixTest" time="0.047"/>
  <testcase name="testCanIdentifyThatSaddlePointsInASingleColumnMatrixAreThoseWithMinimumValue" classname="MatrixTest" time="0.0">
    <skipped/>
  </testcase>
  <system-out><![CDATA[]]></system-out>
  <system-err><![CDATA[]]></system-err>
</testsuite>
