<?xml version="1.0" encoding="UTF-8"?>
<testsuite name="FoodChainTest" tests="10" skipped="9" failures="0" errors="0" timestamp="2021-04-08T19:04:43" hostname="64DEVIN" time="0.021">
  <properties/>
  <testcase name="spider" classname="FoodChainTest" time="0.0">
    <skipped/>
  </testcase>
  <testcase name="wholeSong" classname="FoodChainTest" time="0.0">
    <skipped/>
  </testcase>
  <testcase name="cat" classname="FoodChainTest" time="0.0">
    <skipped/>
  </testcase>
  <testcase name="cow" classname="FoodChainTest" time="0.0">
    <skipped/>
  </testcase>
  <testcase name="dog" classname="FoodChainTest" time="0.0">
    <skipped/>
  </testcase>
  <testcase name="fly" classname="FoodChainTest" time="0.016"/>
  <testcase name="bird" classname="FoodChainTest" time="0.0">
    <skipped/>
  </testcase>
  <testcase name="goat" classname="FoodChainTest" time="0.0">
    <skipped/>
  </testcase>
  <testcase name="horse" classname="FoodChainTest" time="0.0">
    <skipped/>
  </testcase>
  <testcase name="multipleVerses" classname="FoodChainTest" time="0.0">
    <skipped/>
  </testcase>
  <system-out><![CDATA[]]></system-out>
  <system-err><![CDATA[]]></system-err>
</testsuite>
